<?xml version="1.0" encoding="UTF-8" ?>
<testsuite failures="0" time="0.284" errors="0" skipped="0" tests="2" name="net.intellizone.utils.xml.XmlUtilsTest">
  <properties>
    <property name="java.runtime.name" value="Java(TM) SE Runtime Environment"/>
    <property name="sun.boot.library.path" value="C:\Java\jdk16016\jre\bin"/>
    <property name="java.vm.version" value="14.2-b01"/>
    <property name="java.vm.vendor" value="Sun Microsystems Inc."/>
    <property name="java.vendor.url" value="http://java.sun.com/"/>
    <property name="path.separator" value=";"/>
    <property name="java.vm.name" value="Java HotSpot(TM) Client VM"/>
    <property name="file.encoding.pkg" value="sun.io"/>
    <property name="user.country" value="CN"/>
    <property name="sun.java.launcher" value="SUN_STANDARD"/>
    <property name="sun.os.patch.level" value="Service Pack 1"/>
    <property name="java.vm.specification.name" value="Java Virtual Machine Specification"/>
    <property name="user.dir" value="D:\platform\platform\utils"/>
    <property name="java.runtime.version" value="1.6.0_16-b01"/>
    <property name="java.awt.graphicsenv" value="sun.awt.Win32GraphicsEnvironment"/>
    <property name="basedir" value="D:\platform\platform\utils"/>
    <property name="java.endorsed.dirs" value="C:\Java\jdk16016\jre\lib\endorsed"/>
    <property name="os.arch" value="x86"/>
    <property name="surefire.real.class.path" value="D:\platform\platform\utils\target\surefire\surefirebooter4043161685201534569.jar"/>
    <property name="java.io.tmpdir" value="C:\Users\ADMINI~1\AppData\Local\Temp\"/>
    <property name="line.separator" value="
"/>
    <property name="java.vm.specification.vendor" value="Sun Microsystems Inc."/>
    <property name="user.variant" value=""/>
    <property name="os.name" value="Windows 7"/>
    <property name="sun.jnu.encoding" value="GBK"/>
    <property name="java.library.path" value="C:\Java\jdk16016\jre\bin;.;C:\windows\Sun\Java\bin;C:\windows\system32;C:\windows;C:\Program Files (x86)\NVIDIA Corporation\PhysX\Common;C:\Program Files\Common Files\Microsoft Shared\Windows Live;C:\Program Files (x86)\PC Connectivity Solution\;.;C:\Java\jdk16016\bin;C:\windows\system32;C:\windows;C:\windows\System32\Wbem;C:\windows\System32\WindowsPowerShell\v1.0\;D:\apache-maven-3.0.3\bin;C:\Program Files (x86)\Common Files\Thunder Network\KanKan\Codecs;C:\Program Files\TortoiseSVN\bin;E:\MySQL\MySQL Server 5.5\bin;C:\Program Files (x86)\QuickTime\QTSystem\;C:\Program Files\Common Files\Microsoft Shared\Windows Live"/>
    <property name="surefire.test.class.path" value="D:\platform\platform\utils\target\test-classes;D:\platform\platform\utils\target\classes;D:\platform\platform\core\target\platform.core-1.0.jar;D:\java_libs\log4j\log4j\1.2.16\log4j-1.2.16.jar;D:\java_libs\commons-io\commons-io\2.1\commons-io-2.1.jar;D:\java_libs\commons-codec\commons-codec\1.6\commons-codec-1.6.jar;D:\java_libs\junit\junit\4.8.2\junit-4.8.2.jar;"/>
    <property name="java.specification.name" value="Java Platform API Specification"/>
    <property name="java.class.version" value="50.0"/>
    <property name="sun.management.compiler" value="HotSpot Client Compiler"/>
    <property name="os.version" value="6.1"/>
    <property name="user.home" value="C:\Users\Administrator"/>
    <property name="user.timezone" value=""/>
    <property name="java.awt.printerjob" value="sun.awt.windows.WPrinterJob"/>
    <property name="java.specification.version" value="1.6"/>
    <property name="file.encoding" value="GBK"/>
    <property name="user.name" value="Administrator"/>
    <property name="java.class.path" value="D:\platform\platform\utils\target\test-classes;D:\platform\platform\utils\target\classes;D:\platform\platform\core\target\platform.core-1.0.jar;D:\java_libs\log4j\log4j\1.2.16\log4j-1.2.16.jar;D:\java_libs\commons-io\commons-io\2.1\commons-io-2.1.jar;D:\java_libs\commons-codec\commons-codec\1.6\commons-codec-1.6.jar;D:\java_libs\junit\junit\4.8.2\junit-4.8.2.jar;"/>
    <property name="java.vm.specification.version" value="1.0"/>
    <property name="sun.arch.data.model" value="32"/>
    <property name="java.home" value="C:\Java\jdk16016\jre"/>
    <property name="java.specification.vendor" value="Sun Microsystems Inc."/>
    <property name="user.language" value="zh"/>
    <property name="awt.toolkit" value="sun.awt.windows.WToolkit"/>
    <property name="java.vm.info" value="mixed mode"/>
    <property name="java.version" value="1.6.0_16"/>
    <property name="java.ext.dirs" value="C:\Java\jdk16016\jre\lib\ext;C:\windows\Sun\Java\lib\ext"/>
    <property name="sun.boot.class.path" value="C:\Java\jdk16016\jre\lib\resources.jar;C:\Java\jdk16016\jre\lib\rt.jar;C:\Java\jdk16016\jre\lib\sunrsasign.jar;C:\Java\jdk16016\jre\lib\jsse.jar;C:\Java\jdk16016\jre\lib\jce.jar;C:\Java\jdk16016\jre\lib\charsets.jar;C:\Java\jdk16016\jre\classes"/>
    <property name="java.vendor" value="Sun Microsystems Inc."/>
    <property name="localRepository" value="D:\java_libs"/>
    <property name="file.separator" value="\"/>
    <property name="java.vendor.url.bug" value="http://java.sun.com/cgi-bin/bugreport.cgi"/>
    <property name="sun.cpu.endian" value="little"/>
    <property name="sun.io.unicode.encoding" value="UnicodeLittle"/>
    <property name="sun.desktop" value="windows"/>
    <property name="sun.cpu.isalist" value="pentium_pro+mmx pentium_pro pentium+mmx pentium i486 i386 i86"/>
  </properties>
  <testcase time="0.208" classname="net.intellizone.utils.xml.XmlUtilsTest" name="TestObjectToXml"/>
  <testcase time="0.033" classname="net.intellizone.utils.xml.XmlUtilsTest" name="TestXmlToObject"/>
</testsuite>