<?xml version="1.0" encoding="UTF-8" ?>
<testsuite failures="0" time="4.667" errors="5" skipped="0" tests="5" name="net.intellizone.demo.db.PersonDaoTest">
  <properties>
    <property name="java.runtime.name" value="Java(TM) SE Runtime Environment"/>
    <property name="sun.boot.library.path" value="C:\Java\jdk16016\jre\bin"/>
    <property name="java.vm.version" value="14.2-b01"/>
    <property name="java.vm.vendor" value="Sun Microsystems Inc."/>
    <property name="java.vendor.url" value="http://java.sun.com/"/>
    <property name="path.separator" value=";"/>
    <property name="java.vm.name" value="Java HotSpot(TM) Client VM"/>
    <property name="file.encoding.pkg" value="sun.io"/>
    <property name="user.country" value="CN"/>
    <property name="sun.java.launcher" value="SUN_STANDARD"/>
    <property name="sun.os.patch.level" value="Service Pack 1"/>
    <property name="java.vm.specification.name" value="Java Virtual Machine Specification"/>
    <property name="user.dir" value="D:\platform\platform\demo"/>
    <property name="java.runtime.version" value="1.6.0_16-b01"/>
    <property name="java.awt.graphicsenv" value="sun.awt.Win32GraphicsEnvironment"/>
    <property name="basedir" value="D:\platform\platform\demo"/>
    <property name="java.endorsed.dirs" value="C:\Java\jdk16016\jre\lib\endorsed"/>
    <property name="os.arch" value="x86"/>
    <property name="surefire.real.class.path" value="D:\platform\platform\demo\target\surefire\surefirebooter4918979661530472067.jar"/>
    <property name="java.io.tmpdir" value="C:\Users\ADMINI~1\AppData\Local\Temp\"/>
    <property name="line.separator" value="
"/>
    <property name="java.vm.specification.vendor" value="Sun Microsystems Inc."/>
    <property name="user.variant" value=""/>
    <property name="os.name" value="Windows 7"/>
    <property name="sun.jnu.encoding" value="GBK"/>
    <property name="java.library.path" value="C:\Java\jdk16016\jre\bin;.;C:\windows\Sun\Java\bin;C:\windows\system32;C:\windows;C:\Program Files (x86)\NVIDIA Corporation\PhysX\Common;%CommonProgramFiles%\Microsoft Shared\Windows Live;C:\Program Files (x86)\PC Connectivity Solution\;.;C:\Java\jdk16016\bin;C:\windows\system32;C:\windows;C:\windows\System32\Wbem;C:\windows\System32\WindowsPowerShell\v1.0\;C:\Program Files (x86)\Common Files\Adobe\AGL;D:\apache-maven-3.0.3\bin;C:\Program Files (x86)\Common Files\Thunder Network\KanKan\Codecs;C:\Program Files\TortoiseSVN\bin;E:\MySQL\MySQL Server 5.5\bin;C:\Program Files\Common Files\Microsoft Shared\Windows Live"/>
    <property name="surefire.test.class.path" value="D:\platform\platform\demo\target\test-classes;D:\platform\platform\demo\target\classes;D:\platform\platform\core\target\core-1.0.jar;D:\java_libs\log4j\log4j\1.2.16\log4j-1.2.16.jar;D:\platform\platform\db\target\db-1.0.jar;D:\java_libs\org\nutz\nutz\1.b.40\nutz-1.b.40.jar;D:\java_libs\common\jdbc\ojdbc\14\ojdbc-14.jar;D:\java_libs\mysql\mysql-connector-java\5.1.18\mysql-connector-java-5.1.18.jar;D:\java_libs\junit\junit\4.8.2\junit-4.8.2.jar;D:\java_libs\velocity\velocity\1.5\velocity-1.5.jar;D:\java_libs\commons-collections\commons-collections\3.1\commons-collections-3.1.jar;D:\java_libs\commons-lang\commons-lang\2.1\commons-lang-2.1.jar;D:\java_libs\oro\oro\2.0.8\oro-2.0.8.jar;D:\java_libs\org\apache\velocity\velocity-tools\2.0\velocity-tools-2.0.jar;D:\java_libs\commons-beanutils\commons-beanutils\1.7.0\commons-beanutils-1.7.0.jar;D:\java_libs\commons-digester\commons-digester\1.8\commons-digester-1.8.jar;D:\java_libs\commons-chain\commons-chain\1.1\commons-chain-1.1.jar;D:\java_libs\commons-logging\commons-logging\1.1\commons-logging-1.1.jar;D:\java_libs\javax\servlet\servlet-api\2.3\servlet-api-2.3.jar;D:\java_libs\commons-validator\commons-validator\1.3.1\commons-validator-1.3.1.jar;D:\java_libs\dom4j\dom4j\1.1\dom4j-1.1.jar;D:\java_libs\sslext\sslext\1.2-0\sslext-1.2-0.jar;D:\java_libs\org\apache\struts\struts-core\1.3.8\struts-core-1.3.8.jar;D:\java_libs\antlr\antlr\2.7.2\antlr-2.7.2.jar;D:\java_libs\org\apache\struts\struts-taglib\1.3.8\struts-taglib-1.3.8.jar;D:\java_libs\org\apache\struts\struts-tiles\1.3.8\struts-tiles-1.3.8.jar;D:\java_libs\org\apache\velocity\velocity\1.6.2\velocity-1.6.2.jar;D:\java_libs\org\springframework\spring-webmvc\3.1.0.RELEASE\spring-webmvc-3.1.0.RELEASE.jar;D:\java_libs\org\springframework\spring-asm\3.1.0.RELEASE\spring-asm-3.1.0.RELEASE.jar;D:\java_libs\org\springframework\spring-beans\3.1.0.RELEASE\spring-beans-3.1.0.RELEASE.jar;D:\java_libs\org\springframework\spring-context\3.1.0.RELEASE\spring-context-3.1.0.RELEASE.jar;D:\java_libs\org\springframework\spring-aop\3.1.0.RELEASE\spring-aop-3.1.0.RELEASE.jar;D:\java_libs\org\springframework\spring-context-support\3.1.0.RELEASE\spring-context-support-3.1.0.RELEASE.jar;D:\java_libs\org\springframework\spring-core\3.1.0.RELEASE\spring-core-3.1.0.RELEASE.jar;D:\java_libs\org\springframework\spring-expression\3.1.0.RELEASE\spring-expression-3.1.0.RELEASE.jar;D:\java_libs\org\springframework\spring-web\3.1.0.RELEASE\spring-web-3.1.0.RELEASE.jar;D:\java_libs\aopalliance\aopalliance\1.0\aopalliance-1.0.jar;D:\java_libs\org\apache\geronimo\specs\geronimo-servlet_2.5_spec\1.2\geronimo-servlet_2.5_spec-1.2.jar;"/>
    <property name="java.specification.name" value="Java Platform API Specification"/>
    <property name="java.class.version" value="50.0"/>
    <property name="sun.management.compiler" value="HotSpot Client Compiler"/>
    <property name="os.version" value="6.1"/>
    <property name="user.home" value="C:\Users\Administrator"/>
    <property name="user.timezone" value="Asia/Shanghai"/>
    <property name="java.awt.printerjob" value="sun.awt.windows.WPrinterJob"/>
    <property name="java.specification.version" value="1.6"/>
    <property name="file.encoding" value="GBK"/>
    <property name="user.name" value="Administrator"/>
    <property name="java.class.path" value="D:\platform\platform\demo\target\test-classes;D:\platform\platform\demo\target\classes;D:\platform\platform\core\target\core-1.0.jar;D:\java_libs\log4j\log4j\1.2.16\log4j-1.2.16.jar;D:\platform\platform\db\target\db-1.0.jar;D:\java_libs\org\nutz\nutz\1.b.40\nutz-1.b.40.jar;D:\java_libs\common\jdbc\ojdbc\14\ojdbc-14.jar;D:\java_libs\mysql\mysql-connector-java\5.1.18\mysql-connector-java-5.1.18.jar;D:\java_libs\junit\junit\4.8.2\junit-4.8.2.jar;D:\java_libs\velocity\velocity\1.5\velocity-1.5.jar;D:\java_libs\commons-collections\commons-collections\3.1\commons-collections-3.1.jar;D:\java_libs\commons-lang\commons-lang\2.1\commons-lang-2.1.jar;D:\java_libs\oro\oro\2.0.8\oro-2.0.8.jar;D:\java_libs\org\apache\velocity\velocity-tools\2.0\velocity-tools-2.0.jar;D:\java_libs\commons-beanutils\commons-beanutils\1.7.0\commons-beanutils-1.7.0.jar;D:\java_libs\commons-digester\commons-digester\1.8\commons-digester-1.8.jar;D:\java_libs\commons-chain\commons-chain\1.1\commons-chain-1.1.jar;D:\java_libs\commons-logging\commons-logging\1.1\commons-logging-1.1.jar;D:\java_libs\javax\servlet\servlet-api\2.3\servlet-api-2.3.jar;D:\java_libs\commons-validator\commons-validator\1.3.1\commons-validator-1.3.1.jar;D:\java_libs\dom4j\dom4j\1.1\dom4j-1.1.jar;D:\java_libs\sslext\sslext\1.2-0\sslext-1.2-0.jar;D:\java_libs\org\apache\struts\struts-core\1.3.8\struts-core-1.3.8.jar;D:\java_libs\antlr\antlr\2.7.2\antlr-2.7.2.jar;D:\java_libs\org\apache\struts\struts-taglib\1.3.8\struts-taglib-1.3.8.jar;D:\java_libs\org\apache\struts\struts-tiles\1.3.8\struts-tiles-1.3.8.jar;D:\java_libs\org\apache\velocity\velocity\1.6.2\velocity-1.6.2.jar;D:\java_libs\org\springframework\spring-webmvc\3.1.0.RELEASE\spring-webmvc-3.1.0.RELEASE.jar;D:\java_libs\org\springframework\spring-asm\3.1.0.RELEASE\spring-asm-3.1.0.RELEASE.jar;D:\java_libs\org\springframework\spring-beans\3.1.0.RELEASE\spring-beans-3.1.0.RELEASE.jar;D:\java_libs\org\springframework\spring-context\3.1.0.RELEASE\spring-context-3.1.0.RELEASE.jar;D:\java_libs\org\springframework\spring-aop\3.1.0.RELEASE\spring-aop-3.1.0.RELEASE.jar;D:\java_libs\org\springframework\spring-context-support\3.1.0.RELEASE\spring-context-support-3.1.0.RELEASE.jar;D:\java_libs\org\springframework\spring-core\3.1.0.RELEASE\spring-core-3.1.0.RELEASE.jar;D:\java_libs\org\springframework\spring-expression\3.1.0.RELEASE\spring-expression-3.1.0.RELEASE.jar;D:\java_libs\org\springframework\spring-web\3.1.0.RELEASE\spring-web-3.1.0.RELEASE.jar;D:\java_libs\aopalliance\aopalliance\1.0\aopalliance-1.0.jar;D:\java_libs\org\apache\geronimo\specs\geronimo-servlet_2.5_spec\1.2\geronimo-servlet_2.5_spec-1.2.jar;"/>
    <property name="java.vm.specification.version" value="1.0"/>
    <property name="sun.arch.data.model" value="32"/>
    <property name="java.home" value="C:\Java\jdk16016\jre"/>
    <property name="java.specification.vendor" value="Sun Microsystems Inc."/>
    <property name="user.language" value="zh"/>
    <property name="awt.toolkit" value="sun.awt.windows.WToolkit"/>
    <property name="java.vm.info" value="mixed mode"/>
    <property name="java.version" value="1.6.0_16"/>
    <property name="java.ext.dirs" value="C:\Java\jdk16016\jre\lib\ext;C:\windows\Sun\Java\lib\ext"/>
    <property name="sun.boot.class.path" value="C:\Java\jdk16016\jre\lib\resources.jar;C:\Java\jdk16016\jre\lib\rt.jar;C:\Java\jdk16016\jre\lib\sunrsasign.jar;C:\Java\jdk16016\jre\lib\jsse.jar;C:\Java\jdk16016\jre\lib\jce.jar;C:\Java\jdk16016\jre\lib\charsets.jar;C:\Java\jdk16016\jre\classes"/>
    <property name="java.vendor" value="Sun Microsystems Inc."/>
    <property name="localRepository" value="D:\java_libs"/>
    <property name="file.separator" value="\"/>
    <property name="java.vendor.url.bug" value="http://java.sun.com/cgi-bin/bugreport.cgi"/>
    <property name="sun.cpu.endian" value="little"/>
    <property name="sun.io.unicode.encoding" value="UnicodeLittle"/>
    <property name="sun.desktop" value="windows"/>
    <property name="sun.cpu.isalist" value="pentium_pro+mmx pentium_pro pentium+mmx pentium i486 i386 i86"/>
  </properties>
  <testcase time="1.226" classname="net.intellizone.demo.db.PersonDaoTest" name="testAddPerson">
    <error message="org.nutz.dao.DaoException: !Nutz SQL Error: &apos;select MAX(person_id) from person&apos;
PreparedStatement: 
&apos;select MAX(person_id) from person&apos;" type="org.nutz.dao.DaoException">org.nutz.dao.DaoException: org.nutz.dao.DaoException: !Nutz SQL Error: &apos;select MAX(person_id) from person&apos;
PreparedStatement: 
&apos;select MAX(person_id) from person&apos;
	at org.nutz.dao.impl.sql.run.NutDaoRunner.run(NutDaoRunner.java:74)
	at org.nutz.dao.impl.DaoSupport._exec(DaoSupport.java:178)
	at org.nutz.dao.impl.EntityOperator.exec(EntityOperator.java:50)
	at org.nutz.dao.impl.NutDao.insert(NutDao.java:110)
	at net.intellizone.demo.services.PersonService.addPerson(PersonService.java:45)
	at net.intellizone.demo.db.PersonDaoTest.testAddPerson(PersonDaoTest.java:39)
	at sun.reflect.NativeMethodAccessorImpl.invoke0(Native Method)
	at sun.reflect.NativeMethodAccessorImpl.invoke(NativeMethodAccessorImpl.java:39)
	at sun.reflect.DelegatingMethodAccessorImpl.invoke(DelegatingMethodAccessorImpl.java:25)
	at java.lang.reflect.Method.invoke(Method.java:597)
	at org.junit.runners.model.FrameworkMethod$1.runReflectiveCall(FrameworkMethod.java:44)
	at org.junit.internal.runners.model.ReflectiveCallable.run(ReflectiveCallable.java:15)
	at org.junit.runners.model.FrameworkMethod.invokeExplosively(FrameworkMethod.java:41)
	at org.junit.internal.runners.statements.InvokeMethod.evaluate(InvokeMethod.java:20)
	at org.junit.runners.BlockJUnit4ClassRunner.runNotIgnored(BlockJUnit4ClassRunner.java:79)
	at org.junit.runners.BlockJUnit4ClassRunner.runChild(BlockJUnit4ClassRunner.java:71)
	at org.junit.runners.BlockJUnit4ClassRunner.runChild(BlockJUnit4ClassRunner.java:49)
	at org.junit.runners.ParentRunner$3.run(ParentRunner.java:193)
	at org.junit.runners.ParentRunner$1.schedule(ParentRunner.java:52)
	at org.junit.runners.ParentRunner.runChildren(ParentRunner.java:191)
	at org.junit.runners.ParentRunner.access$000(ParentRunner.java:42)
	at org.junit.runners.ParentRunner$2.evaluate(ParentRunner.java:184)
	at org.junit.runners.ParentRunner.run(ParentRunner.java:236)
	at org.apache.maven.surefire.junit4.JUnit4TestSet.execute(JUnit4TestSet.java:35)
	at org.apache.maven.surefire.junit4.JUnit4Provider.executeTestSet(JUnit4Provider.java:115)
	at org.apache.maven.surefire.junit4.JUnit4Provider.invoke(JUnit4Provider.java:97)
	at sun.reflect.NativeMethodAccessorImpl.invoke0(Native Method)
	at sun.reflect.NativeMethodAccessorImpl.invoke(NativeMethodAccessorImpl.java:39)
	at sun.reflect.DelegatingMethodAccessorImpl.invoke(DelegatingMethodAccessorImpl.java:25)
	at java.lang.reflect.Method.invoke(Method.java:597)
	at org.apache.maven.surefire.booter.ProviderFactory$ClassLoaderProxy.invoke(ProviderFactory.java:103)
	at $Proxy0.invoke(Unknown Source)
	at org.apache.maven.surefire.booter.SurefireStarter.invokeProvider(SurefireStarter.java:150)
	at org.apache.maven.surefire.booter.SurefireStarter.runSuitesInProcess(SurefireStarter.java:91)
	at org.apache.maven.surefire.booter.ForkedBooter.main(ForkedBooter.java:69)
Caused by: org.nutz.dao.DaoException: !Nutz SQL Error: &apos;select MAX(person_id) from person&apos;
PreparedStatement: 
&apos;select MAX(person_id) from person&apos;
	at org.nutz.dao.impl.sql.run.NutDaoExecutor.exec(NutDaoExecutor.java:147)
	at org.nutz.dao.impl.DaoSupport$2.invoke(DaoSupport.java:181)
	at org.nutz.dao.impl.sql.run.NutDaoRunner.run(NutDaoRunner.java:63)
	... 34 more
Caused by: com.mysql.jdbc.exceptions.jdbc4.MySQLSyntaxErrorException: Table &apos;iz_coupon.person&apos; doesn&apos;t exist
	at sun.reflect.NativeConstructorAccessorImpl.newInstance0(Native Method)
	at sun.reflect.NativeConstructorAccessorImpl.newInstance(NativeConstructorAccessorImpl.java:39)
	at sun.reflect.DelegatingConstructorAccessorImpl.newInstance(DelegatingConstructorAccessorImpl.java:27)
	at java.lang.reflect.Constructor.newInstance(Constructor.java:513)
	at com.mysql.jdbc.Util.handleNewInstance(Util.java:411)
	at com.mysql.jdbc.Util.getInstance(Util.java:386)
	at com.mysql.jdbc.SQLError.createSQLException(SQLError.java:1052)
	at com.mysql.jdbc.MysqlIO.checkErrorPacket(MysqlIO.java:3609)
	at com.mysql.jdbc.MysqlIO.checkErrorPacket(MysqlIO.java:3541)
	at com.mysql.jdbc.MysqlIO.sendCommand(MysqlIO.java:2002)
	at com.mysql.jdbc.MysqlIO.sqlQueryDirect(MysqlIO.java:2163)
	at com.mysql.jdbc.ConnectionImpl.execSQL(ConnectionImpl.java:2618)
	at com.mysql.jdbc.ConnectionImpl.execSQL(ConnectionImpl.java:2568)
	at com.mysql.jdbc.StatementImpl.executeQuery(StatementImpl.java:1557)
	at org.nutz.dao.impl.sql.run.NutDaoExecutor.exec(NutDaoExecutor.java:60)
	... 36 more
</error>
    <system-out>@HL
@HL-------------------------------------------------------
@HL T E S T S
@HL-------------------------------------------------------
@SLRunning net.intellizone.demo.db.PersonDaoTest
</system-out>
    <system-err>log4j:WARN No appenders could be found for logger (net.intellizone.db.MysqlDataSourceManager).
log4j:WARN Please initialize the log4j system properly.
log4j:WARN See http://logging.apache.org/log4j/1.2/faq.html#noconfig for more info.
</system-err>
  </testcase>
  <testcase time="0.875" classname="net.intellizone.demo.db.PersonDaoTest" name="testGetPersonById">
    <error message="org.nutz.dao.DaoException: !Nutz SQL Error: &apos;SELECT * FROM person  WHERE id=?
    | 1 |
    |---|
    | 4 |
  For example:&gt; &quot;SELECT * FROM person  WHERE id=4&quot;&apos;
PreparedStatement: 
&apos;SELECT * FROM person  WHERE id=?&apos;" type="org.nutz.dao.DaoException">org.nutz.dao.DaoException: org.nutz.dao.DaoException: !Nutz SQL Error: &apos;SELECT * FROM person  WHERE id=?
    | 1 |
    |---|
    | 4 |
  For example:&gt; &quot;SELECT * FROM person  WHERE id=4&quot;&apos;
PreparedStatement: 
&apos;SELECT * FROM person  WHERE id=?&apos;
	at org.nutz.dao.impl.sql.run.NutDaoRunner.run(NutDaoRunner.java:74)
	at org.nutz.dao.impl.DaoSupport._exec(DaoSupport.java:178)
	at org.nutz.dao.impl.NutDao.fetch(NutDao.java:413)
	at net.intellizone.demo.services.PersonService.getPersonById(PersonService.java:56)
	at net.intellizone.demo.db.PersonDaoTest.testGetPersonById(PersonDaoTest.java:46)
	at sun.reflect.NativeMethodAccessorImpl.invoke0(Native Method)
	at sun.reflect.NativeMethodAccessorImpl.invoke(NativeMethodAccessorImpl.java:39)
	at sun.reflect.DelegatingMethodAccessorImpl.invoke(DelegatingMethodAccessorImpl.java:25)
	at java.lang.reflect.Method.invoke(Method.java:597)
	at org.junit.runners.model.FrameworkMethod$1.runReflectiveCall(FrameworkMethod.java:44)
	at org.junit.internal.runners.model.ReflectiveCallable.run(ReflectiveCallable.java:15)
	at org.junit.runners.model.FrameworkMethod.invokeExplosively(FrameworkMethod.java:41)
	at org.junit.internal.runners.statements.InvokeMethod.evaluate(InvokeMethod.java:20)
	at org.junit.runners.BlockJUnit4ClassRunner.runNotIgnored(BlockJUnit4ClassRunner.java:79)
	at org.junit.runners.BlockJUnit4ClassRunner.runChild(BlockJUnit4ClassRunner.java:71)
	at org.junit.runners.BlockJUnit4ClassRunner.runChild(BlockJUnit4ClassRunner.java:49)
	at org.junit.runners.ParentRunner$3.run(ParentRunner.java:193)
	at org.junit.runners.ParentRunner$1.schedule(ParentRunner.java:52)
	at org.junit.runners.ParentRunner.runChildren(ParentRunner.java:191)
	at org.junit.runners.ParentRunner.access$000(ParentRunner.java:42)
	at org.junit.runners.ParentRunner$2.evaluate(ParentRunner.java:184)
	at org.junit.runners.ParentRunner.run(ParentRunner.java:236)
	at org.apache.maven.surefire.junit4.JUnit4TestSet.execute(JUnit4TestSet.java:35)
	at org.apache.maven.surefire.junit4.JUnit4Provider.executeTestSet(JUnit4Provider.java:115)
	at org.apache.maven.surefire.junit4.JUnit4Provider.invoke(JUnit4Provider.java:97)
	at sun.reflect.NativeMethodAccessorImpl.invoke0(Native Method)
	at sun.reflect.NativeMethodAccessorImpl.invoke(NativeMethodAccessorImpl.java:39)
	at sun.reflect.DelegatingMethodAccessorImpl.invoke(DelegatingMethodAccessorImpl.java:25)
	at java.lang.reflect.Method.invoke(Method.java:597)
	at org.apache.maven.surefire.booter.ProviderFactory$ClassLoaderProxy.invoke(ProviderFactory.java:103)
	at $Proxy0.invoke(Unknown Source)
	at org.apache.maven.surefire.booter.SurefireStarter.invokeProvider(SurefireStarter.java:150)
	at org.apache.maven.surefire.booter.SurefireStarter.runSuitesInProcess(SurefireStarter.java:91)
	at org.apache.maven.surefire.booter.ForkedBooter.main(ForkedBooter.java:69)
Caused by: org.nutz.dao.DaoException: !Nutz SQL Error: &apos;SELECT * FROM person  WHERE id=?
    | 1 |
    |---|
    | 4 |
  For example:&gt; &quot;SELECT * FROM person  WHERE id=4&quot;&apos;
PreparedStatement: 
&apos;SELECT * FROM person  WHERE id=?&apos;
	at org.nutz.dao.impl.sql.run.NutDaoExecutor.exec(NutDaoExecutor.java:147)
	at org.nutz.dao.impl.DaoSupport$2.invoke(DaoSupport.java:181)
	at org.nutz.dao.impl.sql.run.NutDaoRunner.run(NutDaoRunner.java:63)
	... 33 more
Caused by: com.mysql.jdbc.exceptions.jdbc4.MySQLSyntaxErrorException: Table &apos;iz_coupon.person&apos; doesn&apos;t exist
	at sun.reflect.NativeConstructorAccessorImpl.newInstance0(Native Method)
	at sun.reflect.NativeConstructorAccessorImpl.newInstance(NativeConstructorAccessorImpl.java:39)
	at sun.reflect.DelegatingConstructorAccessorImpl.newInstance(DelegatingConstructorAccessorImpl.java:27)
	at java.lang.reflect.Constructor.newInstance(Constructor.java:513)
	at com.mysql.jdbc.Util.handleNewInstance(Util.java:411)
	at com.mysql.jdbc.Util.getInstance(Util.java:386)
	at com.mysql.jdbc.SQLError.createSQLException(SQLError.java:1052)
	at com.mysql.jdbc.MysqlIO.checkErrorPacket(MysqlIO.java:3609)
	at com.mysql.jdbc.MysqlIO.checkErrorPacket(MysqlIO.java:3541)
	at com.mysql.jdbc.MysqlIO.sendCommand(MysqlIO.java:2002)
	at com.mysql.jdbc.MysqlIO.sqlQueryDirect(MysqlIO.java:2163)
	at com.mysql.jdbc.ConnectionImpl.execSQL(ConnectionImpl.java:2624)
	at com.mysql.jdbc.PreparedStatement.executeInternal(PreparedStatement.java:2127)
	at com.mysql.jdbc.PreparedStatement.executeQuery(PreparedStatement.java:2293)
	at org.nutz.dao.impl.sql.run.NutDaoExecutor.exec(NutDaoExecutor.java:99)
	... 35 more
</error>
  </testcase>
  <testcase time="0.822" classname="net.intellizone.demo.db.PersonDaoTest" name="testGetAllPerson">
    <error message="org.nutz.dao.DaoException: !Nutz SQL Error: &apos;SELECT * FROM person &apos;
PreparedStatement: 
&apos;SELECT * FROM person &apos;" type="org.nutz.dao.DaoException">org.nutz.dao.DaoException: org.nutz.dao.DaoException: !Nutz SQL Error: &apos;SELECT * FROM person &apos;
PreparedStatement: 
&apos;SELECT * FROM person &apos;
	at org.nutz.dao.impl.sql.run.NutDaoRunner.run(NutDaoRunner.java:74)
	at org.nutz.dao.impl.DaoSupport._exec(DaoSupport.java:178)
	at org.nutz.dao.impl.NutDao.query(NutDao.java:367)
	at net.intellizone.demo.services.PersonService.getAllPerson(PersonService.java:65)
	at net.intellizone.demo.db.PersonDaoTest.testGetAllPerson(PersonDaoTest.java:53)
	at sun.reflect.NativeMethodAccessorImpl.invoke0(Native Method)
	at sun.reflect.NativeMethodAccessorImpl.invoke(NativeMethodAccessorImpl.java:39)
	at sun.reflect.DelegatingMethodAccessorImpl.invoke(DelegatingMethodAccessorImpl.java:25)
	at java.lang.reflect.Method.invoke(Method.java:597)
	at org.junit.runners.model.FrameworkMethod$1.runReflectiveCall(FrameworkMethod.java:44)
	at org.junit.internal.runners.model.ReflectiveCallable.run(ReflectiveCallable.java:15)
	at org.junit.runners.model.FrameworkMethod.invokeExplosively(FrameworkMethod.java:41)
	at org.junit.internal.runners.statements.InvokeMethod.evaluate(InvokeMethod.java:20)
	at org.junit.runners.BlockJUnit4ClassRunner.runNotIgnored(BlockJUnit4ClassRunner.java:79)
	at org.junit.runners.BlockJUnit4ClassRunner.runChild(BlockJUnit4ClassRunner.java:71)
	at org.junit.runners.BlockJUnit4ClassRunner.runChild(BlockJUnit4ClassRunner.java:49)
	at org.junit.runners.ParentRunner$3.run(ParentRunner.java:193)
	at org.junit.runners.ParentRunner$1.schedule(ParentRunner.java:52)
	at org.junit.runners.ParentRunner.runChildren(ParentRunner.java:191)
	at org.junit.runners.ParentRunner.access$000(ParentRunner.java:42)
	at org.junit.runners.ParentRunner$2.evaluate(ParentRunner.java:184)
	at org.junit.runners.ParentRunner.run(ParentRunner.java:236)
	at org.apache.maven.surefire.junit4.JUnit4TestSet.execute(JUnit4TestSet.java:35)
	at org.apache.maven.surefire.junit4.JUnit4Provider.executeTestSet(JUnit4Provider.java:115)
	at org.apache.maven.surefire.junit4.JUnit4Provider.invoke(JUnit4Provider.java:97)
	at sun.reflect.NativeMethodAccessorImpl.invoke0(Native Method)
	at sun.reflect.NativeMethodAccessorImpl.invoke(NativeMethodAccessorImpl.java:39)
	at sun.reflect.DelegatingMethodAccessorImpl.invoke(DelegatingMethodAccessorImpl.java:25)
	at java.lang.reflect.Method.invoke(Method.java:597)
	at org.apache.maven.surefire.booter.ProviderFactory$ClassLoaderProxy.invoke(ProviderFactory.java:103)
	at $Proxy0.invoke(Unknown Source)
	at org.apache.maven.surefire.booter.SurefireStarter.invokeProvider(SurefireStarter.java:150)
	at org.apache.maven.surefire.booter.SurefireStarter.runSuitesInProcess(SurefireStarter.java:91)
	at org.apache.maven.surefire.booter.ForkedBooter.main(ForkedBooter.java:69)
Caused by: org.nutz.dao.DaoException: !Nutz SQL Error: &apos;SELECT * FROM person &apos;
PreparedStatement: 
&apos;SELECT * FROM person &apos;
	at org.nutz.dao.impl.sql.run.NutDaoExecutor.exec(NutDaoExecutor.java:147)
	at org.nutz.dao.impl.DaoSupport$2.invoke(DaoSupport.java:181)
	at org.nutz.dao.impl.sql.run.NutDaoRunner.run(NutDaoRunner.java:63)
	... 33 more
Caused by: com.mysql.jdbc.exceptions.jdbc4.MySQLSyntaxErrorException: Table &apos;iz_coupon.person&apos; doesn&apos;t exist
	at sun.reflect.NativeConstructorAccessorImpl.newInstance0(Native Method)
	at sun.reflect.NativeConstructorAccessorImpl.newInstance(NativeConstructorAccessorImpl.java:39)
	at sun.reflect.DelegatingConstructorAccessorImpl.newInstance(DelegatingConstructorAccessorImpl.java:27)
	at java.lang.reflect.Constructor.newInstance(Constructor.java:513)
	at com.mysql.jdbc.Util.handleNewInstance(Util.java:411)
	at com.mysql.jdbc.Util.getInstance(Util.java:386)
	at com.mysql.jdbc.SQLError.createSQLException(SQLError.java:1052)
	at com.mysql.jdbc.MysqlIO.checkErrorPacket(MysqlIO.java:3609)
	at com.mysql.jdbc.MysqlIO.checkErrorPacket(MysqlIO.java:3541)
	at com.mysql.jdbc.MysqlIO.sendCommand(MysqlIO.java:2002)
	at com.mysql.jdbc.MysqlIO.sqlQueryDirect(MysqlIO.java:2163)
	at com.mysql.jdbc.ConnectionImpl.execSQL(ConnectionImpl.java:2618)
	at com.mysql.jdbc.ConnectionImpl.execSQL(ConnectionImpl.java:2568)
	at com.mysql.jdbc.StatementImpl.executeQuery(StatementImpl.java:1557)
	at org.nutz.dao.impl.sql.run.NutDaoExecutor.exec(NutDaoExecutor.java:60)
	... 35 more
</error>
  </testcase>
  <testcase time="0.856" classname="net.intellizone.demo.db.PersonDaoTest" name="testUpdatePerson">
    <error message="org.nutz.dao.DaoException: !Nutz SQL Error: &apos;UPDATE person SET name=?,age=?  WHERE id=?
    |     1 | 2 | 3 |
    |-------|---|---|
    | Jerry | 0 | 3 |
  For example:&gt; &quot;UPDATE person SET name=&apos;Jerry&apos;,age=0  WHERE id=3&quot;&apos;
PreparedStatement: 
&apos;UPDATE person SET name=?,age=?  WHERE id=?&apos;" type="org.nutz.dao.DaoException">org.nutz.dao.DaoException: org.nutz.dao.DaoException: !Nutz SQL Error: &apos;UPDATE person SET name=?,age=?  WHERE id=?
    |     1 | 2 | 3 |
    |-------|---|---|
    | Jerry | 0 | 3 |
  For example:&gt; &quot;UPDATE person SET name=&apos;Jerry&apos;,age=0  WHERE id=3&quot;&apos;
PreparedStatement: 
&apos;UPDATE person SET name=?,age=?  WHERE id=?&apos;
	at org.nutz.dao.impl.sql.run.NutDaoRunner.run(NutDaoRunner.java:74)
	at org.nutz.dao.impl.DaoSupport._exec(DaoSupport.java:178)
	at org.nutz.dao.impl.EntityOperator.exec(EntityOperator.java:50)
	at org.nutz.dao.impl.NutDao.update(NutDao.java:188)
	at net.intellizone.demo.services.PersonService.updatePerson(PersonService.java:76)
	at net.intellizone.demo.db.PersonDaoTest.testUpdatePerson(PersonDaoTest.java:64)
	at sun.reflect.NativeMethodAccessorImpl.invoke0(Native Method)
	at sun.reflect.NativeMethodAccessorImpl.invoke(NativeMethodAccessorImpl.java:39)
	at sun.reflect.DelegatingMethodAccessorImpl.invoke(DelegatingMethodAccessorImpl.java:25)
	at java.lang.reflect.Method.invoke(Method.java:597)
	at org.junit.runners.model.FrameworkMethod$1.runReflectiveCall(FrameworkMethod.java:44)
	at org.junit.internal.runners.model.ReflectiveCallable.run(ReflectiveCallable.java:15)
	at org.junit.runners.model.FrameworkMethod.invokeExplosively(FrameworkMethod.java:41)
	at org.junit.internal.runners.statements.InvokeMethod.evaluate(InvokeMethod.java:20)
	at org.junit.runners.BlockJUnit4ClassRunner.runNotIgnored(BlockJUnit4ClassRunner.java:79)
	at org.junit.runners.BlockJUnit4ClassRunner.runChild(BlockJUnit4ClassRunner.java:71)
	at org.junit.runners.BlockJUnit4ClassRunner.runChild(BlockJUnit4ClassRunner.java:49)
	at org.junit.runners.ParentRunner$3.run(ParentRunner.java:193)
	at org.junit.runners.ParentRunner$1.schedule(ParentRunner.java:52)
	at org.junit.runners.ParentRunner.runChildren(ParentRunner.java:191)
	at org.junit.runners.ParentRunner.access$000(ParentRunner.java:42)
	at org.junit.runners.ParentRunner$2.evaluate(ParentRunner.java:184)
	at org.junit.runners.ParentRunner.run(ParentRunner.java:236)
	at org.apache.maven.surefire.junit4.JUnit4TestSet.execute(JUnit4TestSet.java:35)
	at org.apache.maven.surefire.junit4.JUnit4Provider.executeTestSet(JUnit4Provider.java:115)
	at org.apache.maven.surefire.junit4.JUnit4Provider.invoke(JUnit4Provider.java:97)
	at sun.reflect.NativeMethodAccessorImpl.invoke0(Native Method)
	at sun.reflect.NativeMethodAccessorImpl.invoke(NativeMethodAccessorImpl.java:39)
	at sun.reflect.DelegatingMethodAccessorImpl.invoke(DelegatingMethodAccessorImpl.java:25)
	at java.lang.reflect.Method.invoke(Method.java:597)
	at org.apache.maven.surefire.booter.ProviderFactory$ClassLoaderProxy.invoke(ProviderFactory.java:103)
	at $Proxy0.invoke(Unknown Source)
	at org.apache.maven.surefire.booter.SurefireStarter.invokeProvider(SurefireStarter.java:150)
	at org.apache.maven.surefire.booter.SurefireStarter.runSuitesInProcess(SurefireStarter.java:91)
	at org.apache.maven.surefire.booter.ForkedBooter.main(ForkedBooter.java:69)
Caused by: org.nutz.dao.DaoException: !Nutz SQL Error: &apos;UPDATE person SET name=?,age=?  WHERE id=?
    |     1 | 2 | 3 |
    |-------|---|---|
    | Jerry | 0 | 3 |
  For example:&gt; &quot;UPDATE person SET name=&apos;Jerry&apos;,age=0  WHERE id=3&quot;&apos;
PreparedStatement: 
&apos;UPDATE person SET name=?,age=?  WHERE id=?&apos;
	at org.nutz.dao.impl.sql.run.NutDaoExecutor.exec(NutDaoExecutor.java:147)
	at org.nutz.dao.impl.DaoSupport$2.invoke(DaoSupport.java:181)
	at org.nutz.dao.impl.sql.run.NutDaoRunner.run(NutDaoRunner.java:63)
	... 34 more
Caused by: com.mysql.jdbc.exceptions.jdbc4.MySQLSyntaxErrorException: Table &apos;iz_coupon.person&apos; doesn&apos;t exist
	at sun.reflect.NativeConstructorAccessorImpl.newInstance0(Native Method)
	at sun.reflect.NativeConstructorAccessorImpl.newInstance(NativeConstructorAccessorImpl.java:39)
	at sun.reflect.DelegatingConstructorAccessorImpl.newInstance(DelegatingConstructorAccessorImpl.java:27)
	at java.lang.reflect.Constructor.newInstance(Constructor.java:513)
	at com.mysql.jdbc.Util.handleNewInstance(Util.java:411)
	at com.mysql.jdbc.Util.getInstance(Util.java:386)
	at com.mysql.jdbc.SQLError.createSQLException(SQLError.java:1052)
	at com.mysql.jdbc.MysqlIO.checkErrorPacket(MysqlIO.java:3609)
	at com.mysql.jdbc.MysqlIO.checkErrorPacket(MysqlIO.java:3541)
	at com.mysql.jdbc.MysqlIO.sendCommand(MysqlIO.java:2002)
	at com.mysql.jdbc.MysqlIO.sqlQueryDirect(MysqlIO.java:2163)
	at com.mysql.jdbc.ConnectionImpl.execSQL(ConnectionImpl.java:2624)
	at com.mysql.jdbc.PreparedStatement.executeInternal(PreparedStatement.java:2127)
	at com.mysql.jdbc.PreparedStatement.execute(PreparedStatement.java:1362)
	at org.nutz.dao.impl.sql.run.NutDaoExecutor._runPreparedStatement(NutDaoExecutor.java:177)
	at org.nutz.dao.impl.sql.run.NutDaoExecutor.exec(NutDaoExecutor.java:139)
	... 36 more
</error>
  </testcase>
  <testcase time="0.857" classname="net.intellizone.demo.db.PersonDaoTest" name="testDeletePerson">
    <error message="org.nutz.dao.DaoException: !Nutz SQL Error: &apos;DELETE FROM person WHERE id=?
    | 1 |
    |---|
    | 3 |
  For example:&gt; &quot;DELETE FROM person WHERE id=3&quot;&apos;
PreparedStatement: 
&apos;DELETE FROM person WHERE id=?&apos;" type="org.nutz.dao.DaoException">org.nutz.dao.DaoException: org.nutz.dao.DaoException: !Nutz SQL Error: &apos;DELETE FROM person WHERE id=?
    | 1 |
    |---|
    | 3 |
  For example:&gt; &quot;DELETE FROM person WHERE id=3&quot;&apos;
PreparedStatement: 
&apos;DELETE FROM person WHERE id=?&apos;
	at org.nutz.dao.impl.sql.run.NutDaoRunner.run(NutDaoRunner.java:74)
	at org.nutz.dao.impl.DaoSupport._exec(DaoSupport.java:178)
	at org.nutz.dao.impl.EntityOperator.exec(EntityOperator.java:50)
	at org.nutz.dao.impl.NutDao.delete(NutDao.java:313)
	at net.intellizone.demo.services.PersonService.deletePerson(PersonService.java:87)
	at net.intellizone.demo.db.PersonDaoTest.testDeletePerson(PersonDaoTest.java:72)
	at sun.reflect.NativeMethodAccessorImpl.invoke0(Native Method)
	at sun.reflect.NativeMethodAccessorImpl.invoke(NativeMethodAccessorImpl.java:39)
	at sun.reflect.DelegatingMethodAccessorImpl.invoke(DelegatingMethodAccessorImpl.java:25)
	at java.lang.reflect.Method.invoke(Method.java:597)
	at org.junit.runners.model.FrameworkMethod$1.runReflectiveCall(FrameworkMethod.java:44)
	at org.junit.internal.runners.model.ReflectiveCallable.run(ReflectiveCallable.java:15)
	at org.junit.runners.model.FrameworkMethod.invokeExplosively(FrameworkMethod.java:41)
	at org.junit.internal.runners.statements.InvokeMethod.evaluate(InvokeMethod.java:20)
	at org.junit.runners.BlockJUnit4ClassRunner.runNotIgnored(BlockJUnit4ClassRunner.java:79)
	at org.junit.runners.BlockJUnit4ClassRunner.runChild(BlockJUnit4ClassRunner.java:71)
	at org.junit.runners.BlockJUnit4ClassRunner.runChild(BlockJUnit4ClassRunner.java:49)
	at org.junit.runners.ParentRunner$3.run(ParentRunner.java:193)
	at org.junit.runners.ParentRunner$1.schedule(ParentRunner.java:52)
	at org.junit.runners.ParentRunner.runChildren(ParentRunner.java:191)
	at org.junit.runners.ParentRunner.access$000(ParentRunner.java:42)
	at org.junit.runners.ParentRunner$2.evaluate(ParentRunner.java:184)
	at org.junit.runners.ParentRunner.run(ParentRunner.java:236)
	at org.apache.maven.surefire.junit4.JUnit4TestSet.execute(JUnit4TestSet.java:35)
	at org.apache.maven.surefire.junit4.JUnit4Provider.executeTestSet(JUnit4Provider.java:115)
	at org.apache.maven.surefire.junit4.JUnit4Provider.invoke(JUnit4Provider.java:97)
	at sun.reflect.NativeMethodAccessorImpl.invoke0(Native Method)
	at sun.reflect.NativeMethodAccessorImpl.invoke(NativeMethodAccessorImpl.java:39)
	at sun.reflect.DelegatingMethodAccessorImpl.invoke(DelegatingMethodAccessorImpl.java:25)
	at java.lang.reflect.Method.invoke(Method.java:597)
	at org.apache.maven.surefire.booter.ProviderFactory$ClassLoaderProxy.invoke(ProviderFactory.java:103)
	at $Proxy0.invoke(Unknown Source)
	at org.apache.maven.surefire.booter.SurefireStarter.invokeProvider(SurefireStarter.java:150)
	at org.apache.maven.surefire.booter.SurefireStarter.runSuitesInProcess(SurefireStarter.java:91)
	at org.apache.maven.surefire.booter.ForkedBooter.main(ForkedBooter.java:69)
Caused by: org.nutz.dao.DaoException: !Nutz SQL Error: &apos;DELETE FROM person WHERE id=?
    | 1 |
    |---|
    | 3 |
  For example:&gt; &quot;DELETE FROM person WHERE id=3&quot;&apos;
PreparedStatement: 
&apos;DELETE FROM person WHERE id=?&apos;
	at org.nutz.dao.impl.sql.run.NutDaoExecutor.exec(NutDaoExecutor.java:147)
	at org.nutz.dao.impl.DaoSupport$2.invoke(DaoSupport.java:181)
	at org.nutz.dao.impl.sql.run.NutDaoRunner.run(NutDaoRunner.java:63)
	... 34 more
Caused by: com.mysql.jdbc.exceptions.jdbc4.MySQLSyntaxErrorException: Table &apos;iz_coupon.person&apos; doesn&apos;t exist
	at sun.reflect.NativeConstructorAccessorImpl.newInstance0(Native Method)
	at sun.reflect.NativeConstructorAccessorImpl.newInstance(NativeConstructorAccessorImpl.java:39)
	at sun.reflect.DelegatingConstructorAccessorImpl.newInstance(DelegatingConstructorAccessorImpl.java:27)
	at java.lang.reflect.Constructor.newInstance(Constructor.java:513)
	at com.mysql.jdbc.Util.handleNewInstance(Util.java:411)
	at com.mysql.jdbc.Util.getInstance(Util.java:386)
	at com.mysql.jdbc.SQLError.createSQLException(SQLError.java:1052)
	at com.mysql.jdbc.MysqlIO.checkErrorPacket(MysqlIO.java:3609)
	at com.mysql.jdbc.MysqlIO.checkErrorPacket(MysqlIO.java:3541)
	at com.mysql.jdbc.MysqlIO.sendCommand(MysqlIO.java:2002)
	at com.mysql.jdbc.MysqlIO.sqlQueryDirect(MysqlIO.java:2163)
	at com.mysql.jdbc.ConnectionImpl.execSQL(ConnectionImpl.java:2624)
	at com.mysql.jdbc.PreparedStatement.executeInternal(PreparedStatement.java:2127)
	at com.mysql.jdbc.PreparedStatement.execute(PreparedStatement.java:1362)
	at org.nutz.dao.impl.sql.run.NutDaoExecutor._runPreparedStatement(NutDaoExecutor.java:177)
	at org.nutz.dao.impl.sql.run.NutDaoExecutor.exec(NutDaoExecutor.java:139)
	... 36 more
</error>
  </testcase>
</testsuite>